<?xml version="1.0" encoding="UTF-8"?>
<!-- Generated by org.testng.reporters.JUnitReportReporter -->
<testsuite hostname="WJLP-3098" failures="0" tests="4" name="pages.TestPageConsignmentInbound" time="483.270" errors="0" timestamp="2023-08-09T11:24:05 IST" skipped="0">
  <testcase classname="pages.TestPageConsignmentInbound" name="clickOnConsignment" time="30.767"/>
  <system-out/>
  <testcase classname="pages.TestPageConsignmentInbound" name="clickOnAccordian" time="26.480"/>
  <system-out/>
  <testcase classname="pages.TestPageConsignmentInbound" name="consignmentInboundSave" time="159.340"/>
  <system-out/>
  <testcase classname="pages.TestPageConsignmentInbound" name="consignmentInboundEmailAndSave" time="266.683"/>
  <system-out/>
</testsuite> <!-- pages.TestPageConsignmentInbound -->
