<?xml version="1.0" encoding="UTF-8"?>
<!-- Generated by org.testng.reporters.JUnitReportReporter -->
<testsuite hostname="WJLP-3098" failures="0" tests="4" name="pages.TestConsignmentExternalUser" time="298.509" errors="0" timestamp="2023-08-08T10:58:59 IST" skipped="0">
  <testcase classname="pages.TestConsignmentExternalUser" name="clickOnConsignment" time="30.537"/>
  <system-out/>
  <testcase classname="pages.TestConsignmentExternalUser" name="externalUserConsignmentInbound" time="104.436"/>
  <system-out/>
  <testcase classname="pages.TestConsignmentExternalUser" name="clickOnAccordianAndSelectExternalUserCompany" time="27.373"/>
  <system-out/>
  <testcase classname="pages.TestConsignmentExternalUser" name="externalUserConsignmentOutbound" time="136.163"/>
  <system-out/>
</testsuite> <!-- pages.TestConsignmentExternalUser -->
