<?xml version="1.0" encoding="UTF-8"?>
<!-- Generated by org.testng.reporters.JUnitReportReporter -->
<testsuite hostname="WJLP-3098" failures="0" tests="4" name="pages.TestAutoGenConsignmentIDExtUser" time="249.045" errors="0" timestamp="2023-08-04T11:47:41 IST" skipped="0">
  <testcase classname="pages.TestAutoGenConsignmentIDExtUser" name="clickOnAccordianAndSelectExternalUserCompany" time="27.244"/>
  <system-out/>
  <testcase classname="pages.TestAutoGenConsignmentIDExtUser" name="clickOnConsignment" time="30.327"/>
  <system-out/>
  <testcase classname="pages.TestAutoGenConsignmentIDExtUser" name="externalUserAutoGenConsignmentIDOutbound" time="114.388"/>
  <system-out/>
  <testcase classname="pages.TestAutoGenConsignmentIDExtUser" name="externalUserAutoGenConsignmentInbound" time="77.086"/>
  <system-out/>
</testsuite> <!-- pages.TestAutoGenConsignmentIDExtUser -->
