<?xml version="1.0" encoding="UTF-8"?>
<!-- Generated by org.testng.reporters.JUnitReportReporter -->
<testsuite hostname="WJLP-3098" failures="0" tests="4" name="pages.TestAutoGenConsignmentIDExtUser" time="249.607" errors="0" timestamp="2023-08-08T10:58:59 IST" skipped="0">
  <testcase classname="pages.TestAutoGenConsignmentIDExtUser" name="clickOnConsignment" time="30.258"/>
  <system-out/>
  <testcase classname="pages.TestAutoGenConsignmentIDExtUser" name="clickOnAccordianAndSelectExternalUserCompany" time="27.213"/>
  <system-out/>
  <testcase classname="pages.TestAutoGenConsignmentIDExtUser" name="externalUserAutoGenConsignmentInbound" time="77.358"/>
  <system-out/>
  <testcase classname="pages.TestAutoGenConsignmentIDExtUser" name="externalUserAutoGenConsignmentIDOutbound" time="114.778"/>
  <system-out/>
</testsuite> <!-- pages.TestAutoGenConsignmentIDExtUser -->
