<?xml version="1.0" encoding="UTF-8"?>
<!-- Generated by org.testng.reporters.JUnitReportReporter -->
<testsuite hostname="WJLP-3098" failures="0" tests="4" name="pages.TestPageConsinment" time="346.743" errors="0" timestamp="2023-07-17T11:52:42 IST" skipped="0">
  <testcase classname="pages.TestPageConsinment" name="clickOnConsignment" time="30.424"/>
  <system-out/>
  <testcase classname="pages.TestPageConsinment" name="doStarted" time="154.709"/>
  <system-out/>
  <testcase classname="pages.TestPageConsinment" name="verifyValueStepperIsNotPresentOnSelectionOfDoc" time="151.274"/>
  <system-out/>
  <testcase classname="pages.TestPageConsinment" name="clickOnAccordian" time="10.336"/>
  <system-out/>
</testsuite> <!-- pages.TestPageConsinment -->
