<?xml version="1.0" encoding="UTF-8"?>
<!-- Generated by org.testng.reporters.JUnitReportReporter -->
<testsuite hostname="WJLP-3098" failures="0" tests="1" name="pages.LoginPageTest" time="41.043" errors="0" timestamp="2023-08-09T11:24:05 IST" skipped="0">
  <testcase classname="pages.LoginPageTest" name="signIn" time="41.043"/>
  <system-out/>
</testsuite> <!-- pages.LoginPageTest -->
