<?xml version="1.0" encoding="UTF-8"?>
<!-- Generated by org.testng.reporters.JUnitReportReporter -->
<testsuite hostname="WJLP-3098" failures="0" tests="4" name="pages.TestPageConsignmentInbound" time="479.563" errors="0" timestamp="2023-07-17T16:33:33 IST" skipped="0">
  <testcase classname="pages.TestPageConsignmentInbound" name="clickOnConsignment" time="30.410"/>
  <system-out/>
  <testcase classname="pages.TestPageConsignmentInbound" name="consignmentInboundEmailAndSave" time="263.489"/>
  <system-out/>
  <testcase classname="pages.TestPageConsignmentInbound" name="consignmentInboundSave" time="159.347"/>
  <system-out/>
  <testcase classname="pages.TestPageConsignmentInbound" name="clickOnAccordian" time="26.317"/>
  <system-out/>
</testsuite> <!-- pages.TestPageConsignmentInbound -->
