<?xml version="1.0" encoding="UTF-8"?>
<!-- Generated by org.testng.reporters.JUnitReportReporter -->
<testsuite hostname="WJLP-3098" failures="0" tests="2" name="pages.LoginPageTest" time="82.183" errors="0" timestamp="2023-08-04T11:47:41 IST" skipped="0">
  <testcase classname="pages.LoginPageTest" name="signIn" time="41.160"/>
  <system-out/>
  <testcase classname="pages.LoginPageTest" name="signIn" time="41.023"/>
  <system-out/>
</testsuite> <!-- pages.LoginPageTest -->
