<?xml version="1.0" encoding="UTF-8"?>
<!-- Generated by org.testng.reporters.JUnitReportReporter -->
<testsuite hostname="WJLP-3098" failures="0" tests="2" name="pages.LoginPageTest" time="82.993" errors="0" timestamp="2023-08-08T10:58:59 IST" skipped="0">
  <testcase classname="pages.LoginPageTest" name="signIn" time="42.157"/>
  <system-out/>
  <testcase classname="pages.LoginPageTest" name="signIn" time="40.836"/>
  <system-out/>
</testsuite> <!-- pages.LoginPageTest -->
