<?xml version="1.0" encoding="UTF-8"?>
<!-- Generated by org.testng.reporters.JUnitReportReporter -->
<testsuite hostname="WJLP-3098" failures="0" tests="1" name="pages.LoginPageTest" time="66.225" errors="0" timestamp="2023-08-11T15:56:13 IST" skipped="0">
  <testcase classname="pages.LoginPageTest" name="signIn" time="66.225"/>
  <system-out/>
</testsuite> <!-- pages.LoginPageTest -->
