<?xml version="1.0" encoding="UTF-8"?>
<!-- Generated by org.testng.reporters.JUnitReportReporter -->
<testsuite hostname="WJLP-3098" failures="0" tests="4" name="pages.TestConsignmentExternalUser" time="298.434" errors="0" timestamp="2023-08-04T11:47:41 IST" skipped="0">
  <testcase classname="pages.TestConsignmentExternalUser" name="clickOnConsignment" time="30.416"/>
  <system-out/>
  <testcase classname="pages.TestConsignmentExternalUser" name="externalUserConsignmentInbound" time="105.668"/>
  <system-out/>
  <testcase classname="pages.TestConsignmentExternalUser" name="externalUserConsignmentOutbound" time="135.146"/>
  <system-out/>
  <testcase classname="pages.TestConsignmentExternalUser" name="clickOnAccordianAndSelectExternalUserCompany" time="27.204"/>
  <system-out/>
</testsuite> <!-- pages.TestConsignmentExternalUser -->
