<?xml version="1.0" encoding="UTF-8"?>
<!-- Generated by org.testng.reporters.JUnitReportReporter -->
<testsuite hostname="WJLP-3098" failures="0" tests="4" name="pages.TestPageConsinment" time="357.220" errors="0" timestamp="2023-08-11T15:56:13 IST" skipped="0">
  <testcase classname="pages.TestPageConsinment" name="verifyValueStepperIsNotPresentOnSelectionOfDoc" time="162.589"/>
  <system-out/>
  <testcase classname="pages.TestPageConsinment" name="doStarted" time="153.613"/>
  <system-out/>
  <testcase classname="pages.TestPageConsinment" name="clickOnAccordian" time="10.410"/>
  <system-out/>
  <testcase classname="pages.TestPageConsinment" name="clickOnConsignment" time="30.608"/>
  <system-out/>
</testsuite> <!-- pages.TestPageConsinment -->
